<?xml version="1.0" encoding="UTF-8"?>
<!-- Generated by org.testng.reporters.JUnitReportReporter -->
<testsuite hostname="Ami" name="w2c.marketData.Tests.CustomerTest" tests="3" failures="0" timestamp="3 Apr 2017 10:16:54 GMT" time="24.063" errors="0">
  <testcase name="deleteCustomerTest" time="3.408" classname="w2c.marketData.Tests.CustomerTest"/>
  <testcase name="newCustomerTest" time="14.353" classname="w2c.marketData.Tests.CustomerTest"/>
  <testcase name="editCustomerTest" time="6.302" classname="w2c.marketData.Tests.CustomerTest"/>
</testsuite> <!-- w2c.marketData.Tests.CustomerTest -->
