<?xml version="1.0" encoding="UTF-8"?>
<!-- Generated by org.testng.reporters.JUnitReportReporter -->
<testsuite hostname="Ami" name="w2c.marketData.test.MDTest" tests="1" failures="0" timestamp="12 Mar 2017 05:24:29 GMT" time="0.018" errors="0">
  <testcase name="testMethod" time="0.018" classname="w2c.marketData.test.MDTest"/>
</testsuite> <!-- w2c.marketData.test.MDTest -->
